c:\users\sho-1\desktop\cpt\default\debug\vc140.pdb
c:\users\sho-1\desktop\cpt\default\debug\vc140.idb
c:\users\sho-1\desktop\cpt\default\debug\camera.obj
c:\users\sho-1\desktop\cpt\default\debug\clear.obj
c:\users\sho-1\desktop\cpt\default\debug\cube.obj
c:\users\sho-1\desktop\cpt\default\debug\gamemanager.obj
c:\users\sho-1\desktop\cpt\default\debug\inputinfo.obj
c:\users\sho-1\desktop\cpt\default\debug\inputkey.obj
c:\users\sho-1\desktop\cpt\default\debug\map.obj
c:\users\sho-1\desktop\cpt\default\debug\minimap.obj
c:\users\sho-1\desktop\cpt\default\debug\player.obj
c:\users\sho-1\desktop\cpt\default\debug\playercontroll.obj
c:\users\sho-1\desktop\cpt\default\debug\playermanager.obj
c:\users\sho-1\desktop\cpt\default\debug\scaffold.obj
c:\users\sho-1\desktop\cpt\default\debug\scenebase.obj
c:\users\sho-1\desktop\cpt\default\debug\select.obj
c:\users\sho-1\desktop\cpt\default\debug\shadow.obj
c:\users\sho-1\desktop\cpt\default\debug\sound.obj
c:\users\sho-1\desktop\cpt\default\debug\state.obj
c:\users\sho-1\desktop\cpt\default\debug\title.obj
c:\users\sho-1\desktop\cpt\default\debug\ui.obj
c:\users\sho-1\desktop\cpt\default\debug\main.obj
c:\users\sho-1\desktop\cpt\debug\default.ilk
c:\users\sho-1\desktop\cpt\debug\default.exe
c:\users\sho-1\desktop\cpt\debug\default.pdb
c:\users\sho-1\desktop\cpt\default\debug\default.tlog\cl.command.1.tlog
c:\users\sho-1\desktop\cpt\default\debug\default.tlog\cl.read.1.tlog
c:\users\sho-1\desktop\cpt\default\debug\default.tlog\cl.write.1.tlog
c:\users\sho-1\desktop\cpt\default\debug\default.tlog\link.command.1.tlog
c:\users\sho-1\desktop\cpt\default\debug\default.tlog\link.read.1.tlog
c:\users\sho-1\desktop\cpt\default\debug\default.tlog\link.write.1.tlog
