  Camera.cpp
  Clear.cpp
  Cube.cpp
  GameManager.cpp
  InputInfo.cpp
InputInfo.cpp(17): warning C4305: '=': 'int' から 'unsigned char' へ切り詰めます。
InputInfo.cpp(17): warning C4309: '=': 定数値が切り捨てられました。
InputInfo.cpp(46): warning C4554: '&': 演算子の優先順位に問題があります。かっこを使用して優先順位を明確にしてください
InputInfo.cpp(57): warning C4554: '&': 演算子の優先順位に問題があります。かっこを使用して優先順位を明確にしてください
  Inputkey.cpp
  main.cpp
  Map.cpp
  MiniMap.cpp
  Player.cpp
  PlayerControll.cpp
PlayerControll.cpp(284): warning C4244: '初期化中': 'double' から 'float' への変換です。データが失われる可能性があります。
  PlayerManager.cpp
  Scaffold.cpp
  SceneBase.cpp
  Select.cpp
  Shadow.cpp
  Sound.cpp
  State.cpp
  Title.cpp
  UI.cpp
  コード生成しています。
  All 34 functions were compiled because no usable IPDB/IOBJ from previous compilation was found.
  コード生成が終了しました。
  default.vcxproj -> C:\Users\sho-1\Desktop\CPT\Release\default.exe
  default.vcxproj -> C:\Users\sho-1\Desktop\CPT\Release\default.pdb (Full PDB)
